<?xml version="1.0" encoding="UTF-8"?>
<!-- Generated by org.testng.reporters.JUnitReportReporter -->
<testsuite hostname="DESKTOP-HR3F3D8" failures="0" tests="2" name="qaclickacademy.AppiumTest" time="0.005" errors="0" timestamp="24 Jun 2019 15:37:28 GMT" skipped="0">
  <testcase classname="qaclickacademy.AppiumTest" name="NativeAPpAndroid" time="0.000"/>
  <testcase classname="qaclickacademy.AppiumTest" name="IOSApps" time="0.005"/>
</testsuite> <!-- qaclickacademy.AppiumTest -->
